Arguments: 
  /Users/jonathangautheron/.nvm/versions/node/v18.7.0/bin/node /Users/jonathangautheron/.yarn/bin/yarn.js

PATH: 
  /Users/jonathangautheron/.rbenv/shims:/Users/jonathangautheron/.yarn/bin:/Users/jonathangautheron/.config/yarn/global/node_modules/.bin:/opt/homebrew/Caskroom/google-cloud-sdk/latest/google-cloud-sdk/bin:/Users/jonathangautheron/.sdkman/candidates/java/current/bin:/Users/jonathangautheron/.rbenv/shims:/Users/jonathangautheron/.yarn/bin:/Users/jonathangautheron/.config/yarn/global/node_modules/.bin:/opt/homebrew/Caskroom/google-cloud-sdk/latest/google-cloud-sdk/bin:/Users/jonathangautheron/.nvm/versions/node/v18.7.0/bin:/opt/homebrew/bin:/opt/homebrew/sbin:/usr/local/bin:/usr/bin:/bin:/usr/sbin:/sbin:/Library/Apple/usr/bin:/Users/jonathangautheron/.cargo/bin:/Users/jonathangautheron/Library/Application Support/JetBrains/Toolbox/scripts:/Users/jonathangautheron/.yarn/bin:/usr/local/sbin:/Users/jonathangautheron/.cargo/bin:/Users/jonathangautheron/go/bin:/usr/local/sbin:/Users/jonathangautheron/.cargo/bin:/Users/jonathangautheron/go/bin

Yarn version: 
  1.22.19

Node version: 
  18.7.0

Platform: 
  darwin arm64

Trace: 
  Error: https://registry.yarnpkg.com/@pulumiverse%2fstatuscake: Not found
      at params.callback [as _callback] (/Users/jonathangautheron/.yarn/lib/cli.js:66145:18)
      at self.callback (/Users/jonathangautheron/.yarn/lib/cli.js:140890:22)
      at Request.emit (node:events:513:28)
      at Request.<anonymous> (/Users/jonathangautheron/.yarn/lib/cli.js:141862:10)
      at Request.emit (node:events:513:28)
      at IncomingMessage.<anonymous> (/Users/jonathangautheron/.yarn/lib/cli.js:141784:12)
      at Object.onceWrapper (node:events:627:28)
      at IncomingMessage.emit (node:events:525:35)
      at endReadableNT (node:internal/streams/readable:1359:12)
      at process.processTicksAndRejections (node:internal/process/task_queues:82:21)

npm manifest: 
  {
    "name": "ts",
    "devDependencies": {
      "@types/node": "^14"
    },
    "dependencies": {
      "@pulumi/pulumi": "^3.0.0",
      "@pulumiverse/statuscake": "*"
    }
  }

yarn manifest: 
  No manifest

Lockfile: 
  No lockfile
